15:53:58:954  INFO 25424 --- [main] com.hmall.gateway.GatewayApplication     : The following 1 profile is active: "local"
15:53:59:322  INFO 25424 --- [main] o.s.cloud.context.scope.GenericScope     : BeanFactory id=ab7eba3b-bca4-35ba-8e37-4bef2229baa0
15:53:59:359  INFO 25424 --- [main] trationDelegate$BeanPostProcessorChecker : Bean 'org.springframework.cloud.client.loadbalancer.reactive.LoadBalancerBeanPostProcessorAutoConfiguration' of type [org.springframework.cloud.client.loadbalancer.reactive.LoadBalancerBeanPostProcessorAutoConfiguration] is not eligible for getting processed by all BeanPostProcessors (for example: not eligible for auto-proxying)
15:53:59:359  INFO 25424 --- [main] trationDelegate$BeanPostProcessorChecker : Bean 'org.springframework.cloud.client.loadbalancer.reactive.LoadBalancerBeanPostProcessorAutoConfiguration$ReactorDeferringLoadBalancerFilterConfig' of type [org.springframework.cloud.client.loadbalancer.reactive.LoadBalancerBeanPostProcessorAutoConfiguration$ReactorDeferringLoadBalancerFilterConfig] is not eligible for getting processed by all BeanPostProcessors (for example: not eligible for auto-proxying)
15:53:59:360  INFO 25424 --- [main] trationDelegate$BeanPostProcessorChecker : Bean 'reactorDeferringLoadBalancerExchangeFilterFunction' of type [org.springframework.cloud.client.loadbalancer.reactive.DeferringLoadBalancerExchangeFilterFunction] is not eligible for getting processed by all BeanPostProcessors (for example: not eligible for auto-proxying)
15:53:59:821 DEBUG 25424 --- [main] c.h.gateway.route.DynamicRouteLoader     : 监听到路由配置变更，null
15:54:01:019  INFO 25424 --- [main] o.s.cloud.commons.util.InetUtils         : Cannot determine local hostname
15:54:02:157  INFO 25424 --- [main] o.s.cloud.commons.util.InetUtils         : Cannot determine local hostname
15:54:02:366  INFO 25424 --- [main] o.s.c.g.r.RouteDefinitionRouteLocator    : Loaded RoutePredicateFactory [After]
15:54:02:366  INFO 25424 --- [main] o.s.c.g.r.RouteDefinitionRouteLocator    : Loaded RoutePredicateFactory [Before]
15:54:02:367  INFO 25424 --- [main] o.s.c.g.r.RouteDefinitionRouteLocator    : Loaded RoutePredicateFactory [Between]
15:54:02:367  INFO 25424 --- [main] o.s.c.g.r.RouteDefinitionRouteLocator    : Loaded RoutePredicateFactory [Cookie]
15:54:02:367  INFO 25424 --- [main] o.s.c.g.r.RouteDefinitionRouteLocator    : Loaded RoutePredicateFactory [Header]
15:54:02:367  INFO 25424 --- [main] o.s.c.g.r.RouteDefinitionRouteLocator    : Loaded RoutePredicateFactory [Host]
15:54:02:367  INFO 25424 --- [main] o.s.c.g.r.RouteDefinitionRouteLocator    : Loaded RoutePredicateFactory [Method]
15:54:02:367  INFO 25424 --- [main] o.s.c.g.r.RouteDefinitionRouteLocator    : Loaded RoutePredicateFactory [Path]
15:54:02:367  INFO 25424 --- [main] o.s.c.g.r.RouteDefinitionRouteLocator    : Loaded RoutePredicateFactory [Query]
15:54:02:367  INFO 25424 --- [main] o.s.c.g.r.RouteDefinitionRouteLocator    : Loaded RoutePredicateFactory [ReadBody]
15:54:02:367  INFO 25424 --- [main] o.s.c.g.r.RouteDefinitionRouteLocator    : Loaded RoutePredicateFactory [RemoteAddr]
15:54:02:367  INFO 25424 --- [main] o.s.c.g.r.RouteDefinitionRouteLocator    : Loaded RoutePredicateFactory [XForwardedRemoteAddr]
15:54:02:367  INFO 25424 --- [main] o.s.c.g.r.RouteDefinitionRouteLocator    : Loaded RoutePredicateFactory [Weight]
15:54:02:367  INFO 25424 --- [main] o.s.c.g.r.RouteDefinitionRouteLocator    : Loaded RoutePredicateFactory [CloudFoundryRouteService]
15:54:03:569  INFO 25424 --- [main] o.s.cloud.commons.util.InetUtils         : Cannot determine local hostname
15:54:03:683  INFO 25424 --- [main] com.alibaba.nacos.common.remote.client   : [RpcClientFactory] create a new rpc client of 4d8b65d3-10dc-4687-88f8-91942e9085a6
15:54:03:683  INFO 25424 --- [main] com.alibaba.nacos.common.remote.client   : [4d8b65d3-10dc-4687-88f8-91942e9085a6] RpcClient init label, labels = {module=naming, source=sdk}
15:54:03:684  INFO 25424 --- [main] com.alibaba.nacos.common.remote.client   : [4d8b65d3-10dc-4687-88f8-91942e9085a6] RpcClient init, ServerListFactory = com.alibaba.nacos.client.naming.core.ServerListManager
15:54:03:685  INFO 25424 --- [main] com.alibaba.nacos.common.remote.client   : [4d8b65d3-10dc-4687-88f8-91942e9085a6] Registry connection listener to current client:com.alibaba.nacos.client.naming.remote.gprc.redo.NamingGrpcRedoService
15:54:03:685  INFO 25424 --- [main] com.alibaba.nacos.common.remote.client   : [4d8b65d3-10dc-4687-88f8-91942e9085a6] Register server push request handler:com.alibaba.nacos.client.naming.remote.gprc.NamingPushRequestHandler
15:54:03:686  INFO 25424 --- [main] com.alibaba.nacos.common.remote.client   : [4d8b65d3-10dc-4687-88f8-91942e9085a6] Try to connect to server on start up, server: {serverIp = '192.168.150.105', server main port = 8848}
15:54:03:813  INFO 25424 --- [main] com.alibaba.nacos.common.remote.client   : [4d8b65d3-10dc-4687-88f8-91942e9085a6] Success to connect to server [192.168.150.105:8848] on start up, connectionId = 1747292636727_192.168.150.1_51970
15:54:03:813  INFO 25424 --- [main] com.alibaba.nacos.common.remote.client   : [4d8b65d3-10dc-4687-88f8-91942e9085a6] Register server push request handler:com.alibaba.nacos.common.remote.client.RpcClient$ConnectResetRequestHandler
15:54:03:813  INFO 25424 --- [main] com.alibaba.nacos.common.remote.client   : [4d8b65d3-10dc-4687-88f8-91942e9085a6] Register server push request handler:com.alibaba.nacos.common.remote.client.RpcClient$$Lambda$479/0x00000250404ce148
15:54:03:813  INFO 25424 --- [com.alibaba.nacos.client.remote.worker] com.alibaba.nacos.common.remote.client   : [4d8b65d3-10dc-4687-88f8-91942e9085a6] Notify connected event to listeners.
15:54:03:966  INFO 25424 --- [main] o.s.b.web.embedded.netty.NettyWebServer  : Netty started on port 8080
15:54:04:363  INFO 25424 --- [nacos-grpc-client-executor-5] com.alibaba.nacos.common.remote.client   : [4d8b65d3-10dc-4687-88f8-91942e9085a6] Receive server push request, request = NotifySubscriberRequest, requestId = 705
15:54:04:364  INFO 25424 --- [nacos-grpc-client-executor-5] com.alibaba.nacos.common.remote.client   : [4d8b65d3-10dc-4687-88f8-91942e9085a6] Ack server push request, request = NotifySubscriberRequest, requestId = 705
15:54:05:094  INFO 25424 --- [main] o.s.cloud.commons.util.InetUtils         : Cannot determine local hostname
15:54:06:200  INFO 25424 --- [main] o.s.cloud.commons.util.InetUtils         : Cannot determine local hostname
15:54:06:213  INFO 25424 --- [main] c.a.c.n.registry.NacosServiceRegistry    : nacos registry, DEFAULT_GROUP gateway 192.168.83.1:8080 register finished
15:54:06:221  INFO 25424 --- [main] com.hmall.gateway.GatewayApplication     : Started GatewayApplication in 11.298 seconds (JVM running for 11.951)
15:54:06:223  INFO 25424 --- [main] c.a.c.n.refresh.NacosContextRefresher    : [Nacos Config] Listening config: dataId=gateway.yaml, group=DEFAULT_GROUP
15:54:06:225  INFO 25424 --- [main] c.a.c.n.refresh.NacosContextRefresher    : [Nacos Config] Listening config: dataId=gateway, group=DEFAULT_GROUP
15:54:06:226  INFO 25424 --- [main] c.a.c.n.refresh.NacosContextRefresher    : [Nacos Config] Listening config: dataId=gateway-local.yaml, group=DEFAULT_GROUP
15:54:06:707  INFO 25424 --- [nacos-grpc-client-executor-8] com.alibaba.nacos.common.remote.client   : [4d8b65d3-10dc-4687-88f8-91942e9085a6] Receive server push request, request = NotifySubscriberRequest, requestId = 706
15:54:06:711  INFO 25424 --- [nacos-grpc-client-executor-8] com.alibaba.nacos.common.remote.client   : [4d8b65d3-10dc-4687-88f8-91942e9085a6] Ack server push request, request = NotifySubscriberRequest, requestId = 706
15:55:04:541  INFO 25424 --- [nacos-grpc-client-executor-28] com.alibaba.nacos.common.remote.client   : [1e7d66cd-47c9-413e-b6de-228dbc483ec2_config-0] Receive server push request, request = ConfigChangeNotifyRequest, requestId = 707
15:55:04:542  INFO 25424 --- [nacos-grpc-client-executor-28] com.alibaba.nacos.common.remote.client   : [1e7d66cd-47c9-413e-b6de-228dbc483ec2_config-0] Ack server push request, request = ConfigChangeNotifyRequest, requestId = 707
15:55:04:591 DEBUG 25424 --- [nacos.client.cachedata.internal.notifier] c.h.gateway.route.DynamicRouteLoader     : 监听到路由配置变更，[
    {
        "id": "item",
        "predicates": [{
            "name": "Path",
            "args": {"_genkey_0":"/items/**", "_genkey_1":"/search/**"}
        }],
        "filters": [],
        "uri": "lb://item-service"
    },
    {
        "id": "cart",
        "predicates": [{
            "name": "Path",
            "args": {"_genkey_0":"/carts/**"}
        }],
        "filters": [],
        "uri": "lb://cart-service"
    },
    {
        "id": "user",
        "predicates": [{
            "name": "Path",
            "args": {"_genkey_0":"/users/**", "_genkey_1":"/addresses/**"}
        }],
        "filters": [],
        "uri": "lb://user-service"
    },
    {
        "id": "trade",
        "predicates": [{
            "name": "Path",
            "args": {"_genkey_0":"/orders/**"}
        }],
        "filters": [],
        "uri": "lb://trade-service"
    },
    {
        "id": "pay",
        "predicates": [{
            "name": "Path",
            "args": {"_genkey_0":"/pay-orders/**"}
        }],
        "filters": [],
        "uri": "lb://pay-service"
    }
]
15:55:41:807  INFO 25424 --- [nacos-grpc-client-executor-32] com.alibaba.nacos.common.remote.client   : [4d8b65d3-10dc-4687-88f8-91942e9085a6] Receive server push request, request = NotifySubscriberRequest, requestId = 708
15:55:41:807  INFO 25424 --- [nacos-grpc-client-executor-32] com.alibaba.nacos.common.remote.client   : [4d8b65d3-10dc-4687-88f8-91942e9085a6] Ack server push request, request = NotifySubscriberRequest, requestId = 708
15:55:42:276  INFO 25424 --- [nacos-grpc-client-executor-34] com.alibaba.nacos.common.remote.client   : [4d8b65d3-10dc-4687-88f8-91942e9085a6] Receive server push request, request = NotifySubscriberRequest, requestId = 709
15:55:42:276  INFO 25424 --- [nacos-grpc-client-executor-34] com.alibaba.nacos.common.remote.client   : [4d8b65d3-10dc-4687-88f8-91942e9085a6] Ack server push request, request = NotifySubscriberRequest, requestId = 709
15:55:47:768  INFO 25424 --- [nacos-grpc-client-executor-37] com.alibaba.nacos.common.remote.client   : [4d8b65d3-10dc-4687-88f8-91942e9085a6] Receive server push request, request = NotifySubscriberRequest, requestId = 710
15:55:47:768  INFO 25424 --- [nacos-grpc-client-executor-37] com.alibaba.nacos.common.remote.client   : [4d8b65d3-10dc-4687-88f8-91942e9085a6] Ack server push request, request = NotifySubscriberRequest, requestId = 710
