22:42:00:525  INFO 59164 --- [main] com.hmall.user.UserApplication           : Starting UserApplication using Java 17.0.13 on 李俊 with PID 59164 (E:\JavaWeb_Project\hmall\user-service\target\classes started by lijun in E:\JavaWeb_Project\hmall)
22:42:00:530 DEBUG 59164 --- [main] com.hmall.user.UserApplication           : Running with Spring Boot v2.7.12, Spring v5.3.27
22:42:00:531  INFO 59164 --- [main] com.hmall.user.UserApplication           : The following 1 profile is active: "local"
22:42:01:431  INFO 59164 --- [main] o.s.cloud.context.scope.GenericScope     : BeanFactory id=2e4886cb-e012-3803-be87-fed1165f8ab4
22:42:01:805  INFO 59164 --- [main] o.s.b.w.embedded.tomcat.TomcatWebServer  : Tomcat initialized with port(s): 8083 (http)
22:42:01:812  INFO 59164 --- [main] o.apache.catalina.core.StandardService   : Starting service [Tomcat]
22:42:01:813  INFO 59164 --- [main] org.apache.catalina.core.StandardEngine  : Starting Servlet engine: [Apache Tomcat/9.0.75]
22:42:01:953  INFO 59164 --- [main] o.a.c.c.C.[Tomcat].[localhost].[/]       : Initializing Spring embedded WebApplicationContext
22:42:01:954  INFO 59164 --- [main] w.s.c.ServletWebServerApplicationContext : Root WebApplicationContext: initialization completed in 1380 ms
22:42:04:417  INFO 59164 --- [main] o.s.cloud.commons.util.InetUtils         : Cannot determine local hostname
22:42:04:440  INFO 59164 --- [main] pertySourcedRequestMappingHandlerMapping : Mapped URL path [/v2/api-docs] onto method [springfox.documentation.swagger2.web.Swagger2ControllerWebMvc#getDocumentation(String, HttpServletRequest)]
22:42:05:750  INFO 59164 --- [main] o.s.cloud.commons.util.InetUtils         : Cannot determine local hostname
22:42:05:940  INFO 59164 --- [main] com.alibaba.nacos.common.remote.client   : [RpcClientFactory] create a new rpc client of 41fb6720-045a-46fd-a877-02bc470100f4
22:42:05:982  INFO 59164 --- [main] org.reflections.Reflections              : Reflections took 19 ms to scan 1 urls, producing 3 keys and 6 values 
22:42:05:998  INFO 59164 --- [main] org.reflections.Reflections              : Reflections took 5 ms to scan 1 urls, producing 4 keys and 9 values 
22:42:06:004  INFO 59164 --- [main] org.reflections.Reflections              : Reflections took 5 ms to scan 1 urls, producing 3 keys and 10 values 
22:42:06:006  WARN 59164 --- [main] org.reflections.Reflections              : given scan urls are empty. set urls in the configuration
22:42:06:011  INFO 59164 --- [main] org.reflections.Reflections              : Reflections took 5 ms to scan 1 urls, producing 1 keys and 5 values 
22:42:06:020  INFO 59164 --- [main] org.reflections.Reflections              : Reflections took 8 ms to scan 1 urls, producing 1 keys and 7 values 
22:42:06:026  INFO 59164 --- [main] org.reflections.Reflections              : Reflections took 4 ms to scan 1 urls, producing 2 keys and 8 values 
22:42:06:028  WARN 59164 --- [main] org.reflections.Reflections              : given scan urls are empty. set urls in the configuration
22:42:06:028  INFO 59164 --- [main] com.alibaba.nacos.common.remote.client   : [41fb6720-045a-46fd-a877-02bc470100f4] RpcClient init label, labels = {module=naming, source=sdk}
22:42:06:029  INFO 59164 --- [main] com.alibaba.nacos.common.remote.client   : [41fb6720-045a-46fd-a877-02bc470100f4] RpcClient init, ServerListFactory = com.alibaba.nacos.client.naming.core.ServerListManager
22:42:06:029  INFO 59164 --- [main] com.alibaba.nacos.common.remote.client   : [41fb6720-045a-46fd-a877-02bc470100f4] Registry connection listener to current client:com.alibaba.nacos.client.naming.remote.gprc.redo.NamingGrpcRedoService
22:42:06:029  INFO 59164 --- [main] com.alibaba.nacos.common.remote.client   : [41fb6720-045a-46fd-a877-02bc470100f4] Register server push request handler:com.alibaba.nacos.client.naming.remote.gprc.NamingPushRequestHandler
22:42:06:031  INFO 59164 --- [main] com.alibaba.nacos.common.remote.client   : [41fb6720-045a-46fd-a877-02bc470100f4] Try to connect to server on start up, server: {serverIp = '192.168.150.105', server main port = 8848}
22:42:06:887  INFO 59164 --- [main] com.alibaba.nacos.common.remote.client   : [41fb6720-045a-46fd-a877-02bc470100f4] Success to connect to server [192.168.150.105:8848] on start up, connectionId = 1748850360552_192.168.150.1_54833
22:42:06:887  INFO 59164 --- [com.alibaba.nacos.client.remote.worker] com.alibaba.nacos.common.remote.client   : [41fb6720-045a-46fd-a877-02bc470100f4] Notify connected event to listeners.
22:42:06:887  INFO 59164 --- [main] com.alibaba.nacos.common.remote.client   : [41fb6720-045a-46fd-a877-02bc470100f4] Register server push request handler:com.alibaba.nacos.common.remote.client.RpcClient$ConnectResetRequestHandler
22:42:06:888  INFO 59164 --- [main] com.alibaba.nacos.common.remote.client   : [41fb6720-045a-46fd-a877-02bc470100f4] Register server push request handler:com.alibaba.nacos.common.remote.client.RpcClient$$Lambda$1067/0x000001f481861ed8
22:42:06:924  INFO 59164 --- [main] o.s.b.w.embedded.tomcat.TomcatWebServer  : Tomcat started on port(s): 8083 (http) with context path ''
22:42:06:933  INFO 59164 --- [main] c.a.c.n.registry.NacosServiceRegistry    : nacos registry, DEFAULT_GROUP user-service 192.168.83.1:8083 register finished
22:42:07:427  INFO 59164 --- [nacos-grpc-client-executor-10] com.alibaba.nacos.common.remote.client   : [41fb6720-045a-46fd-a877-02bc470100f4] Receive server push request, request = NotifySubscriberRequest, requestId = 1297
22:42:07:430  INFO 59164 --- [nacos-grpc-client-executor-10] com.alibaba.nacos.common.remote.client   : [41fb6720-045a-46fd-a877-02bc470100f4] Ack server push request, request = NotifySubscriberRequest, requestId = 1297
22:42:08:081  INFO 59164 --- [main] o.s.cloud.commons.util.InetUtils         : Cannot determine local hostname
22:42:08:081  INFO 59164 --- [main] d.s.w.p.DocumentationPluginsBootstrapper : Documentation plugins bootstrapped
22:42:08:084  INFO 59164 --- [main] d.s.w.p.DocumentationPluginsBootstrapper : Found 1 custom documentation plugin(s)
22:42:08:108  INFO 59164 --- [main] s.d.s.w.s.ApiListingReferenceScanner     : Scanning for api listing references
22:42:08:230  INFO 59164 --- [main] com.hmall.user.UserApplication           : Started UserApplication in 9.498 seconds (JVM running for 10.492)
23:02:56:075  WARN 59164 --- [Thread-7] c.a.n.common.http.HttpClientBeanHolder   : [HttpClientBeanHolder] Start destroying common HttpClient
23:02:56:075  WARN 59164 --- [Thread-4] c.a.nacos.common.notify.NotifyCenter     : [NotifyCenter] Start destroying Publisher
23:02:56:079  WARN 59164 --- [Thread-4] c.a.nacos.common.notify.NotifyCenter     : [NotifyCenter] Destruction of the end
23:02:56:080  WARN 59164 --- [Thread-7] c.a.n.common.http.HttpClientBeanHolder   : [HttpClientBeanHolder] Destruction of the end
23:02:56:158  INFO 59164 --- [SpringApplicationShutdownHook] c.a.c.n.registry.NacosServiceRegistry    : De-registering from Nacos Server now...
23:02:56:161  INFO 59164 --- [SpringApplicationShutdownHook] c.a.c.n.registry.NacosServiceRegistry    : De-registration finished.
23:02:56:470  INFO 59164 --- [SpringApplicationShutdownHook] com.alibaba.nacos.common.remote.client   : Shutdown rpc client, set status to shutdown
23:02:56:470  INFO 59164 --- [SpringApplicationShutdownHook] com.alibaba.nacos.common.remote.client   : Shutdown client event executor java.util.concurrent.ScheduledThreadPoolExecutor@71bb249e[Running, pool size = 2, active threads = 2, queued tasks = 0, completed tasks = 0]
23:02:56:470  INFO 59164 --- [SpringApplicationShutdownHook] com.alibaba.nacos.common.remote.client   : Close current connection 1748850360552_192.168.150.1_54833
23:02:56:481  INFO 59164 --- [nacos-grpc-client-executor-272] c.a.n.c.remote.client.grpc.GrpcClient    : [1748850360552_192.168.150.1_54833]Ignore complete event,isRunning:false,isAbandon=false
23:02:56:482  INFO 59164 --- [SpringApplicationShutdownHook] c.a.n.c.remote.client.grpc.GrpcClient    : Shutdown grpc executor java.util.concurrent.ThreadPoolExecutor@e5f39e4[Running, pool size = 5, active threads = 0, queued tasks = 0, completed tasks = 273]
23:05:28:144  INFO 108256 --- [main] com.hmall.user.UserApplication           : Starting UserApplication using Java 17.0.13 on 李俊 with PID 108256 (E:\JavaWeb_Project\hmall\user-service\target\classes started by lijun in E:\JavaWeb_Project\hmall)
23:05:28:146 DEBUG 108256 --- [main] com.hmall.user.UserApplication           : Running with Spring Boot v2.7.12, Spring v5.3.27
23:05:28:147  INFO 108256 --- [main] com.hmall.user.UserApplication           : The following 1 profile is active: "local"
23:05:28:966  INFO 108256 --- [main] o.s.cloud.context.scope.GenericScope     : BeanFactory id=2e4886cb-e012-3803-be87-fed1165f8ab4
23:05:29:325  INFO 108256 --- [main] o.s.b.w.embedded.tomcat.TomcatWebServer  : Tomcat initialized with port(s): 8083 (http)
23:05:29:331  INFO 108256 --- [main] o.apache.catalina.core.StandardService   : Starting service [Tomcat]
23:05:29:332  INFO 108256 --- [main] org.apache.catalina.core.StandardEngine  : Starting Servlet engine: [Apache Tomcat/9.0.75]
23:05:29:468  INFO 108256 --- [main] o.a.c.c.C.[Tomcat].[localhost].[/]       : Initializing Spring embedded WebApplicationContext
23:05:29:468  INFO 108256 --- [main] w.s.c.ServletWebServerApplicationContext : Root WebApplicationContext: initialization completed in 1276 ms
23:05:31:759  INFO 108256 --- [main] o.s.cloud.commons.util.InetUtils         : Cannot determine local hostname
23:05:31:778  INFO 108256 --- [main] pertySourcedRequestMappingHandlerMapping : Mapped URL path [/v2/api-docs] onto method [springfox.documentation.swagger2.web.Swagger2ControllerWebMvc#getDocumentation(String, HttpServletRequest)]
23:05:33:025  INFO 108256 --- [main] o.s.cloud.commons.util.InetUtils         : Cannot determine local hostname
23:05:33:284  INFO 108256 --- [main] com.alibaba.nacos.common.remote.client   : [RpcClientFactory] create a new rpc client of 5004f874-c5fd-4b1f-8b24-088f2b07b7ce
23:05:33:334  INFO 108256 --- [main] org.reflections.Reflections              : Reflections took 17 ms to scan 1 urls, producing 3 keys and 6 values 
23:05:33:352  INFO 108256 --- [main] org.reflections.Reflections              : Reflections took 5 ms to scan 1 urls, producing 4 keys and 9 values 
23:05:33:364  INFO 108256 --- [main] org.reflections.Reflections              : Reflections took 10 ms to scan 1 urls, producing 3 keys and 10 values 
23:05:33:366  WARN 108256 --- [main] org.reflections.Reflections              : given scan urls are empty. set urls in the configuration
23:05:33:371  INFO 108256 --- [main] org.reflections.Reflections              : Reflections took 5 ms to scan 1 urls, producing 1 keys and 5 values 
23:05:33:377  INFO 108256 --- [main] org.reflections.Reflections              : Reflections took 5 ms to scan 1 urls, producing 1 keys and 7 values 
23:05:33:385  INFO 108256 --- [main] org.reflections.Reflections              : Reflections took 6 ms to scan 1 urls, producing 2 keys and 8 values 
23:05:33:386  WARN 108256 --- [main] org.reflections.Reflections              : given scan urls are empty. set urls in the configuration
23:05:33:387  INFO 108256 --- [main] com.alibaba.nacos.common.remote.client   : [5004f874-c5fd-4b1f-8b24-088f2b07b7ce] RpcClient init label, labels = {module=naming, source=sdk}
23:05:33:389  INFO 108256 --- [main] com.alibaba.nacos.common.remote.client   : [5004f874-c5fd-4b1f-8b24-088f2b07b7ce] RpcClient init, ServerListFactory = com.alibaba.nacos.client.naming.core.ServerListManager
23:05:33:389  INFO 108256 --- [main] com.alibaba.nacos.common.remote.client   : [5004f874-c5fd-4b1f-8b24-088f2b07b7ce] Registry connection listener to current client:com.alibaba.nacos.client.naming.remote.gprc.redo.NamingGrpcRedoService
23:05:33:389  INFO 108256 --- [main] com.alibaba.nacos.common.remote.client   : [5004f874-c5fd-4b1f-8b24-088f2b07b7ce] Register server push request handler:com.alibaba.nacos.client.naming.remote.gprc.NamingPushRequestHandler
23:05:33:390  INFO 108256 --- [main] com.alibaba.nacos.common.remote.client   : [5004f874-c5fd-4b1f-8b24-088f2b07b7ce] Try to connect to server on start up, server: {serverIp = '192.168.150.105', server main port = 8848}
23:05:34:329  INFO 108256 --- [main] com.alibaba.nacos.common.remote.client   : [5004f874-c5fd-4b1f-8b24-088f2b07b7ce] Success to connect to server [192.168.150.105:8848] on start up, connectionId = 1748851885283_192.168.150.1_56815
23:05:34:330  INFO 108256 --- [com.alibaba.nacos.client.remote.worker] com.alibaba.nacos.common.remote.client   : [5004f874-c5fd-4b1f-8b24-088f2b07b7ce] Notify connected event to listeners.
23:05:34:330  INFO 108256 --- [main] com.alibaba.nacos.common.remote.client   : [5004f874-c5fd-4b1f-8b24-088f2b07b7ce] Register server push request handler:com.alibaba.nacos.common.remote.client.RpcClient$ConnectResetRequestHandler
23:05:34:330  INFO 108256 --- [main] com.alibaba.nacos.common.remote.client   : [5004f874-c5fd-4b1f-8b24-088f2b07b7ce] Register server push request handler:com.alibaba.nacos.common.remote.client.RpcClient$$Lambda$1067/0x000002270184f020
23:05:34:377  INFO 108256 --- [main] o.s.b.w.embedded.tomcat.TomcatWebServer  : Tomcat started on port(s): 8083 (http) with context path ''
23:05:34:390  INFO 108256 --- [main] c.a.c.n.registry.NacosServiceRegistry    : nacos registry, DEFAULT_GROUP user-service 192.168.83.1:8083 register finished
23:05:34:830  INFO 108256 --- [nacos-grpc-client-executor-8] com.alibaba.nacos.common.remote.client   : [5004f874-c5fd-4b1f-8b24-088f2b07b7ce] Receive server push request, request = NotifySubscriberRequest, requestId = 1312
23:05:34:832  INFO 108256 --- [nacos-grpc-client-executor-8] com.alibaba.nacos.common.remote.client   : [5004f874-c5fd-4b1f-8b24-088f2b07b7ce] Ack server push request, request = NotifySubscriberRequest, requestId = 1312
23:05:35:567  INFO 108256 --- [main] o.s.cloud.commons.util.InetUtils         : Cannot determine local hostname
23:05:35:567  INFO 108256 --- [main] d.s.w.p.DocumentationPluginsBootstrapper : Documentation plugins bootstrapped
23:05:35:569  INFO 108256 --- [main] d.s.w.p.DocumentationPluginsBootstrapper : Found 1 custom documentation plugin(s)
23:05:35:585  INFO 108256 --- [main] s.d.s.w.s.ApiListingReferenceScanner     : Scanning for api listing references
23:05:35:671  INFO 108256 --- [main] com.hmall.user.UserApplication           : Started UserApplication in 9.159 seconds (JVM running for 9.999)
23:11:28:186  INFO 108256 --- [http-nio-8083-exec-1] o.a.c.c.C.[Tomcat].[localhost].[/]       : Initializing Spring DispatcherServlet 'dispatcherServlet'
23:11:28:188  INFO 108256 --- [http-nio-8083-exec-1] o.s.web.servlet.DispatcherServlet        : Initializing Servlet 'dispatcherServlet'
23:11:28:197  INFO 108256 --- [http-nio-8083-exec-1] o.s.web.servlet.DispatcherServlet        : Completed initialization in 9 ms
23:11:28:433  INFO 108256 --- [http-nio-8083-exec-1] com.zaxxer.hikari.HikariDataSource       : HikariPool-1 - Starting...
23:11:28:772  INFO 108256 --- [http-nio-8083-exec-1] com.zaxxer.hikari.HikariDataSource       : HikariPool-1 - Start completed.
23:11:28:781 DEBUG 108256 --- [http-nio-8083-exec-1] c.h.user.mapper.UserMapper.selectOne     : ==>  Preparing: SELECT id,username,password,phone,create_time,update_time,status,balance FROM user WHERE (username = ?)
23:11:28:809 DEBUG 108256 --- [http-nio-8083-exec-1] c.h.user.mapper.UserMapper.selectOne     : ==> Parameters: jack(String)
23:11:28:843 DEBUG 108256 --- [http-nio-8083-exec-1] c.h.user.mapper.UserMapper.selectOne     : <==      Total: 1
23:11:42:780 DEBUG 108256 --- [http-nio-8083-exec-4] c.h.u.mapper.AddressMapper.selectList    : ==>  Preparing: SELECT id,user_id,province,city,town,mobile,street,contact,is_default,notes FROM address WHERE (user_id = ?)
23:11:42:780 DEBUG 108256 --- [http-nio-8083-exec-4] c.h.u.mapper.AddressMapper.selectList    : ==> Parameters: 1(Long)
23:11:42:794 DEBUG 108256 --- [http-nio-8083-exec-4] c.h.u.mapper.AddressMapper.selectList    : <==      Total: 4
23:16:26:454  INFO 108256 --- [nacos-grpc-client-executor-146] com.alibaba.nacos.common.remote.client   : [5004f874-c5fd-4b1f-8b24-088f2b07b7ce] Receive server push request, request = ClientDetectionRequest, requestId = 1336
23:16:26:460  INFO 108256 --- [nacos-grpc-client-executor-146] com.alibaba.nacos.common.remote.client   : [5004f874-c5fd-4b1f-8b24-088f2b07b7ce] Ack server push request, request = ClientDetectionRequest, requestId = 1336
23:17:00:948  INFO 108256 --- [http-nio-8083-exec-2] c.h.user.service.impl.UserServiceImpl    : 开始扣款
23:17:00:965 DEBUG 108256 --- [http-nio-8083-exec-2] c.h.user.mapper.UserMapper.selectById    : ==>  Preparing: SELECT id,username,password,phone,create_time,update_time,status,balance FROM user WHERE id=?
23:17:00:967 DEBUG 108256 --- [http-nio-8083-exec-2] c.h.user.mapper.UserMapper.selectById    : ==> Parameters: 1(Long)
23:17:00:980 DEBUG 108256 --- [http-nio-8083-exec-2] c.h.user.mapper.UserMapper.selectById    : <==      Total: 1
23:17:01:070 ERROR 108256 --- [http-nio-8083-exec-2] o.a.c.c.C.[.[.[/].[dispatcherServlet]    : Servlet.service() for servlet [dispatcherServlet] in context with path [] threw exception [Request processing failed; nested exception is com.hmall.common.exception.BizIllegalException: 用户密码错误] with root cause

com.hmall.common.exception.BizIllegalException: 用户密码错误
	at com.hmall.user.service.impl.UserServiceImpl.deductMoney(UserServiceImpl.java:74) ~[classes/:na]
	at com.hmall.user.service.impl.UserServiceImpl$$FastClassBySpringCGLIB$$da72bc39.invoke(<generated>) ~[classes/:na]
	at org.springframework.cglib.proxy.MethodProxy.invoke(MethodProxy.java:218) ~[spring-core-5.3.27.jar:5.3.27]
	at org.springframework.aop.framework.CglibAopProxy.invokeMethod(CglibAopProxy.java:386) ~[spring-aop-5.3.27.jar:5.3.27]
	at org.springframework.aop.framework.CglibAopProxy.access$000(CglibAopProxy.java:85) ~[spring-aop-5.3.27.jar:5.3.27]
	at org.springframework.aop.framework.CglibAopProxy$DynamicAdvisedInterceptor.intercept(CglibAopProxy.java:704) ~[spring-aop-5.3.27.jar:5.3.27]
	at com.hmall.user.service.impl.UserServiceImpl$$EnhancerBySpringCGLIB$$db6cfb98.deductMoney(<generated>) ~[classes/:na]
	at com.hmall.user.controller.UserController.deductMoney(UserController.java:35) ~[classes/:na]
	at java.base/jdk.internal.reflect.NativeMethodAccessorImpl.invoke0(Native Method) ~[na:na]
	at java.base/jdk.internal.reflect.NativeMethodAccessorImpl.invoke(NativeMethodAccessorImpl.java:77) ~[na:na]
	at java.base/jdk.internal.reflect.DelegatingMethodAccessorImpl.invoke(DelegatingMethodAccessorImpl.java:43) ~[na:na]
	at java.base/java.lang.reflect.Method.invoke(Method.java:568) ~[na:na]
	at org.springframework.web.method.support.InvocableHandlerMethod.doInvoke(InvocableHandlerMethod.java:205) ~[spring-web-5.3.27.jar:5.3.27]
	at org.springframework.web.method.support.InvocableHandlerMethod.invokeForRequest(InvocableHandlerMethod.java:150) ~[spring-web-5.3.27.jar:5.3.27]
	at org.springframework.web.servlet.mvc.method.annotation.ServletInvocableHandlerMethod.invokeAndHandle(ServletInvocableHandlerMethod.java:117) ~[spring-webmvc-5.3.27.jar:5.3.27]
	at org.springframework.web.servlet.mvc.method.annotation.RequestMappingHandlerAdapter.invokeHandlerMethod(RequestMappingHandlerAdapter.java:895) ~[spring-webmvc-5.3.27.jar:5.3.27]
	at org.springframework.web.servlet.mvc.method.annotation.RequestMappingHandlerAdapter.handleInternal(RequestMappingHandlerAdapter.java:808) ~[spring-webmvc-5.3.27.jar:5.3.27]
	at org.springframework.web.servlet.mvc.method.AbstractHandlerMethodAdapter.handle(AbstractHandlerMethodAdapter.java:87) ~[spring-webmvc-5.3.27.jar:5.3.27]
	at org.springframework.web.servlet.DispatcherServlet.doDispatch(DispatcherServlet.java:1072) ~[spring-webmvc-5.3.27.jar:5.3.27]
	at org.springframework.web.servlet.DispatcherServlet.doService(DispatcherServlet.java:965) ~[spring-webmvc-5.3.27.jar:5.3.27]
	at org.springframework.web.servlet.FrameworkServlet.processRequest(FrameworkServlet.java:1006) ~[spring-webmvc-5.3.27.jar:5.3.27]
	at org.springframework.web.servlet.FrameworkServlet.doPut(FrameworkServlet.java:920) ~[spring-webmvc-5.3.27.jar:5.3.27]
	at javax.servlet.http.HttpServlet.service(HttpServlet.java:558) ~[tomcat-embed-core-9.0.75.jar:4.0.FR]
	at org.springframework.web.servlet.FrameworkServlet.service(FrameworkServlet.java:883) ~[spring-webmvc-5.3.27.jar:5.3.27]
	at javax.servlet.http.HttpServlet.service(HttpServlet.java:623) ~[tomcat-embed-core-9.0.75.jar:4.0.FR]
	at org.apache.catalina.core.ApplicationFilterChain.internalDoFilter(ApplicationFilterChain.java:209) ~[tomcat-embed-core-9.0.75.jar:9.0.75]
	at org.apache.catalina.core.ApplicationFilterChain.doFilter(ApplicationFilterChain.java:153) ~[tomcat-embed-core-9.0.75.jar:9.0.75]
	at org.apache.tomcat.websocket.server.WsFilter.doFilter(WsFilter.java:51) ~[tomcat-embed-websocket-9.0.75.jar:9.0.75]
	at org.apache.catalina.core.ApplicationFilterChain.internalDoFilter(ApplicationFilterChain.java:178) ~[tomcat-embed-core-9.0.75.jar:9.0.75]
	at org.apache.catalina.core.ApplicationFilterChain.doFilter(ApplicationFilterChain.java:153) ~[tomcat-embed-core-9.0.75.jar:9.0.75]
	at org.springframework.web.filter.RequestContextFilter.doFilterInternal(RequestContextFilter.java:100) ~[spring-web-5.3.27.jar:5.3.27]
	at org.springframework.web.filter.OncePerRequestFilter.doFilter(OncePerRequestFilter.java:117) ~[spring-web-5.3.27.jar:5.3.27]
	at org.apache.catalina.core.ApplicationFilterChain.internalDoFilter(ApplicationFilterChain.java:178) ~[tomcat-embed-core-9.0.75.jar:9.0.75]
	at org.apache.catalina.core.ApplicationFilterChain.doFilter(ApplicationFilterChain.java:153) ~[tomcat-embed-core-9.0.75.jar:9.0.75]
	at org.springframework.web.filter.FormContentFilter.doFilterInternal(FormContentFilter.java:93) ~[spring-web-5.3.27.jar:5.3.27]
	at org.springframework.web.filter.OncePerRequestFilter.doFilter(OncePerRequestFilter.java:117) ~[spring-web-5.3.27.jar:5.3.27]
	at org.apache.catalina.core.ApplicationFilterChain.internalDoFilter(ApplicationFilterChain.java:178) ~[tomcat-embed-core-9.0.75.jar:9.0.75]
	at org.apache.catalina.core.ApplicationFilterChain.doFilter(ApplicationFilterChain.java:153) ~[tomcat-embed-core-9.0.75.jar:9.0.75]
	at org.springframework.web.filter.CharacterEncodingFilter.doFilterInternal(CharacterEncodingFilter.java:201) ~[spring-web-5.3.27.jar:5.3.27]
	at org.springframework.web.filter.OncePerRequestFilter.doFilter(OncePerRequestFilter.java:117) ~[spring-web-5.3.27.jar:5.3.27]
	at org.apache.catalina.core.ApplicationFilterChain.internalDoFilter(ApplicationFilterChain.java:178) ~[tomcat-embed-core-9.0.75.jar:9.0.75]
	at org.apache.catalina.core.ApplicationFilterChain.doFilter(ApplicationFilterChain.java:153) ~[tomcat-embed-core-9.0.75.jar:9.0.75]
	at org.apache.catalina.core.StandardWrapperValve.invoke(StandardWrapperValve.java:167) ~[tomcat-embed-core-9.0.75.jar:9.0.75]
	at org.apache.catalina.core.StandardContextValve.invoke(StandardContextValve.java:90) ~[tomcat-embed-core-9.0.75.jar:9.0.75]
	at org.apache.catalina.authenticator.AuthenticatorBase.invoke(AuthenticatorBase.java:481) ~[tomcat-embed-core-9.0.75.jar:9.0.75]
	at org.apache.catalina.core.StandardHostValve.invoke(StandardHostValve.java:130) ~[tomcat-embed-core-9.0.75.jar:9.0.75]
	at org.apache.catalina.valves.ErrorReportValve.invoke(ErrorReportValve.java:93) ~[tomcat-embed-core-9.0.75.jar:9.0.75]
	at org.apache.catalina.core.StandardEngineValve.invoke(StandardEngineValve.java:74) ~[tomcat-embed-core-9.0.75.jar:9.0.75]
	at org.apache.catalina.connector.CoyoteAdapter.service(CoyoteAdapter.java:343) ~[tomcat-embed-core-9.0.75.jar:9.0.75]
	at org.apache.coyote.http11.Http11Processor.service(Http11Processor.java:390) ~[tomcat-embed-core-9.0.75.jar:9.0.75]
	at org.apache.coyote.AbstractProcessorLight.process(AbstractProcessorLight.java:63) ~[tomcat-embed-core-9.0.75.jar:9.0.75]
	at org.apache.coyote.AbstractProtocol$ConnectionHandler.process(AbstractProtocol.java:926) ~[tomcat-embed-core-9.0.75.jar:9.0.75]
	at org.apache.tomcat.util.net.NioEndpoint$SocketProcessor.doRun(NioEndpoint.java:1791) ~[tomcat-embed-core-9.0.75.jar:9.0.75]
	at org.apache.tomcat.util.net.SocketProcessorBase.run(SocketProcessorBase.java:52) ~[tomcat-embed-core-9.0.75.jar:9.0.75]
	at org.apache.tomcat.util.threads.ThreadPoolExecutor.runWorker(ThreadPoolExecutor.java:1191) ~[tomcat-embed-core-9.0.75.jar:9.0.75]
	at org.apache.tomcat.util.threads.ThreadPoolExecutor$Worker.run(ThreadPoolExecutor.java:659) ~[tomcat-embed-core-9.0.75.jar:9.0.75]
	at org.apache.tomcat.util.threads.TaskThread$WrappingRunnable.run(TaskThread.java:61) ~[tomcat-embed-core-9.0.75.jar:9.0.75]
	at java.base/java.lang.Thread.run(Thread.java:842) ~[na:na]

23:17:05:905  INFO 108256 --- [http-nio-8083-exec-3] c.h.user.service.impl.UserServiceImpl    : 开始扣款
23:17:05:907 DEBUG 108256 --- [http-nio-8083-exec-3] c.h.user.mapper.UserMapper.selectById    : ==>  Preparing: SELECT id,username,password,phone,create_time,update_time,status,balance FROM user WHERE id=?
23:17:05:907 DEBUG 108256 --- [http-nio-8083-exec-3] c.h.user.mapper.UserMapper.selectById    : ==> Parameters: 1(Long)
23:17:05:910 DEBUG 108256 --- [http-nio-8083-exec-3] c.h.user.mapper.UserMapper.selectById    : <==      Total: 1
23:17:05:982 DEBUG 108256 --- [http-nio-8083-exec-3] c.h.user.mapper.UserMapper.updateMoney   : ==>  Preparing: update user set balance = balance - 35400 where id = ?
23:17:05:984 DEBUG 108256 --- [http-nio-8083-exec-3] c.h.user.mapper.UserMapper.updateMoney   : ==> Parameters: null
23:17:05:990 DEBUG 108256 --- [http-nio-8083-exec-3] c.h.user.mapper.UserMapper.updateMoney   : <==    Updates: 0
23:17:05:990  INFO 108256 --- [http-nio-8083-exec-3] c.h.user.service.impl.UserServiceImpl    : 扣款成功
23:22:56:291  INFO 108256 --- [http-nio-8083-exec-6] c.h.user.service.impl.UserServiceImpl    : 开始扣款
23:22:56:308 DEBUG 108256 --- [http-nio-8083-exec-6] c.h.user.mapper.UserMapper.selectById    : ==>  Preparing: SELECT id,username,password,phone,create_time,update_time,status,balance FROM user WHERE id=?
23:22:56:310 DEBUG 108256 --- [http-nio-8083-exec-6] c.h.user.mapper.UserMapper.selectById    : ==> Parameters: 1(Long)
23:22:56:320 DEBUG 108256 --- [http-nio-8083-exec-6] c.h.user.mapper.UserMapper.selectById    : <==      Total: 1
23:22:56:384 DEBUG 108256 --- [http-nio-8083-exec-6] c.h.user.mapper.UserMapper.updateMoney   : ==>  Preparing: update user set balance = balance - 35400 where id = ?
23:22:56:384 DEBUG 108256 --- [http-nio-8083-exec-6] c.h.user.mapper.UserMapper.updateMoney   : ==> Parameters: null
23:22:56:391 DEBUG 108256 --- [http-nio-8083-exec-6] c.h.user.mapper.UserMapper.updateMoney   : <==    Updates: 0
23:22:56:391  INFO 108256 --- [http-nio-8083-exec-6] c.h.user.service.impl.UserServiceImpl    : 扣款成功
23:26:56:736 DEBUG 108256 --- [http-nio-8083-exec-9] c.h.u.mapper.AddressMapper.selectList    : ==>  Preparing: SELECT id,user_id,province,city,town,mobile,street,contact,is_default,notes FROM address WHERE (user_id = ?)
23:26:56:742 DEBUG 108256 --- [http-nio-8083-exec-9] c.h.u.mapper.AddressMapper.selectList    : ==> Parameters: 1(Long)
23:26:56:773 DEBUG 108256 --- [http-nio-8083-exec-9] c.h.u.mapper.AddressMapper.selectList    : <==      Total: 4
23:27:04:959  INFO 108256 --- [http-nio-8083-exec-10] c.h.user.service.impl.UserServiceImpl    : 开始扣款
23:27:04:961 DEBUG 108256 --- [http-nio-8083-exec-10] c.h.user.mapper.UserMapper.selectById    : ==>  Preparing: SELECT id,username,password,phone,create_time,update_time,status,balance FROM user WHERE id=?
23:27:04:961 DEBUG 108256 --- [http-nio-8083-exec-10] c.h.user.mapper.UserMapper.selectById    : ==> Parameters: 1(Long)
23:27:04:967 DEBUG 108256 --- [http-nio-8083-exec-10] c.h.user.mapper.UserMapper.selectById    : <==      Total: 1
23:27:05:071 DEBUG 108256 --- [http-nio-8083-exec-10] c.h.user.mapper.UserMapper.updateMoney   : ==>  Preparing: update user set balance = balance - 95900 where id = ?
23:27:05:071 DEBUG 108256 --- [http-nio-8083-exec-10] c.h.user.mapper.UserMapper.updateMoney   : ==> Parameters: 1(Long)
23:27:05:082 DEBUG 108256 --- [http-nio-8083-exec-10] c.h.user.mapper.UserMapper.updateMoney   : <==    Updates: 1
23:27:05:082  INFO 108256 --- [http-nio-8083-exec-10] c.h.user.service.impl.UserServiceImpl    : 扣款成功
